[debug] [2021-10-08T01:56:10.589Z] ----------------------------------------------------------------------
[debug] [2021-10-08T01:56:10.593Z] Command:       /usr/local/bin/node /usr/local/bin/firebase deploy --only hosting
[debug] [2021-10-08T01:56:10.594Z] CLI Version:   8.0.2
[debug] [2021-10-08T01:56:10.594Z] Platform:      linux
[debug] [2021-10-08T01:56:10.594Z] Node Version:  v10.19.0
[debug] [2021-10-08T01:56:10.594Z] Time:          Fri Oct 08 2021 08:56:10 GMT+0700 (Indochina Time)
[debug] [2021-10-08T01:56:10.594Z] ----------------------------------------------------------------------
[debug] [2021-10-08T01:56:10.595Z] 
[debug] [2021-10-08T01:56:10.604Z] > command requires scopes: ["email","openid","https://www.googleapis.com/auth/cloudplatformprojects.readonly","https://www.googleapis.com/auth/firebase","https://www.googleapis.com/auth/cloud-platform"]
[debug] [2021-10-08T01:56:10.605Z] > authorizing via signed-in user
[debug] [2021-10-08T01:56:10.605Z] [iam] checking project terra-1d030 for permissions ["firebase.projects.get","firebasehosting.sites.update"]
[debug] [2021-10-08T01:56:10.609Z] > refreshing access token with scopes: ["email","https://www.googleapis.com/auth/cloud-platform","https://www.googleapis.com/auth/cloudplatformprojects.readonly","https://www.googleapis.com/auth/firebase","openid"]
[debug] [2021-10-08T01:56:10.610Z] >>> HTTP REQUEST POST https://www.googleapis.com/oauth2/v3/token  
 <request body omitted>
[debug] [2021-10-08T01:56:10.833Z] <<< HTTP RESPONSE 200 {"expires":"Mon, 01 Jan 1990 00:00:00 GMT","cache-control":"no-cache, no-store, max-age=0, must-revalidate","date":"Fri, 08 Oct 2021 01:56:10 GMT","pragma":"no-cache","content-type":"application/json; charset=utf-8","vary":"X-Origin, Referer, Origin,Accept-Encoding","server":"scaffolding on HTTPServer2","x-xss-protection":"0","x-frame-options":"SAMEORIGIN","x-content-type-options":"nosniff","alt-svc":"h3=\":443\"; ma=2592000,h3-29=\":443\"; ma=2592000,h3-T051=\":443\"; ma=2592000,h3-Q050=\":443\"; ma=2592000,h3-Q046=\":443\"; ma=2592000,h3-Q043=\":443\"; ma=2592000,quic=\":443\"; ma=2592000; v=\"46,43\"","accept-ranges":"none","transfer-encoding":"chunked"}
[debug] [2021-10-08T01:56:10.848Z] >>> HTTP REQUEST POST https://cloudresourcemanager.googleapis.com/v1/projects/terra-1d030:testIamPermissions  
 {"permissions":["firebase.projects.get","firebasehosting.sites.update"]}
[debug] [2021-10-08T01:56:12.063Z] <<< HTTP RESPONSE 200 {"content-type":"application/json; charset=UTF-8","vary":"X-Origin, Referer, Origin,Accept-Encoding","date":"Fri, 08 Oct 2021 01:56:11 GMT","server":"ESF","cache-control":"private","x-xss-protection":"0","x-frame-options":"SAMEORIGIN","x-content-type-options":"nosniff","server-timing":"gfet4t7; dur=1048","alt-svc":"h3=\":443\"; ma=2592000,h3-29=\":443\"; ma=2592000,h3-T051=\":443\"; ma=2592000,h3-Q050=\":443\"; ma=2592000,h3-Q046=\":443\"; ma=2592000,h3-Q043=\":443\"; ma=2592000,quic=\":443\"; ma=2592000; v=\"46,43\"","accept-ranges":"none","transfer-encoding":"chunked"}
[debug] [2021-10-08T01:56:12.065Z] >>> HTTP REQUEST GET https://firebase.googleapis.com/v1beta1/projects/terra-1d030  
 
[debug] [2021-10-08T01:56:12.504Z] <<< HTTP RESPONSE 200 {"content-type":"application/json; charset=UTF-8","vary":"X-Origin, Referer, Origin,Accept-Encoding","date":"Fri, 08 Oct 2021 01:56:12 GMT","server":"ESF","cache-control":"private","x-xss-protection":"0","x-frame-options":"SAMEORIGIN","x-content-type-options":"nosniff","alt-svc":"h3=\":443\"; ma=2592000,h3-29=\":443\"; ma=2592000,h3-T051=\":443\"; ma=2592000,h3-Q050=\":443\"; ma=2592000,h3-Q046=\":443\"; ma=2592000,h3-Q043=\":443\"; ma=2592000,quic=\":443\"; ma=2592000; v=\"46,43\"","accept-ranges":"none","transfer-encoding":"chunked"}
[debug] [2021-10-08T01:56:12.505Z] [WARNING] Unable to fetch default resources. Falling back to project id (terra-1d030)
[info] 
[info] === Deploying to 'terra-1d030'...
[info] 
[info] i  deploying hosting
[debug] [2021-10-08T01:56:12.509Z] >>> HTTP REQUEST POST https://firebasehosting.googleapis.com/v1beta1/sites/terra-1d030/versions  
 {"config":{},"labels":{"deployment-tool":"cli-firebase"}}
[debug] [2021-10-08T01:56:14.253Z] <<< HTTP RESPONSE 200 {"content-type":"application/json; charset=UTF-8","vary":"X-Origin, Referer, Origin,Accept-Encoding","date":"Fri, 08 Oct 2021 01:56:14 GMT","server":"ESF","cache-control":"private","x-xss-protection":"0","x-frame-options":"SAMEORIGIN","x-content-type-options":"nosniff","alt-svc":"h3=\":443\"; ma=2592000,h3-29=\":443\"; ma=2592000,h3-T051=\":443\"; ma=2592000,h3-Q050=\":443\"; ma=2592000,h3-Q046=\":443\"; ma=2592000,h3-Q043=\":443\"; ma=2592000,quic=\":443\"; ma=2592000; v=\"46,43\"","accept-ranges":"none","transfer-encoding":"chunked"}
[info] i  hosting[terra-1d030]: beginning deploy...
[info] i  hosting[terra-1d030]: found 7 files in dist
[debug] [2021-10-08T01:56:14.796Z] [hosting] hash cache [ZGlzdA] stored for 7 files
[debug] [2021-10-08T01:56:14.797Z] [hosting][hash queue][FINAL] {"max":524,"min":12,"avg":96.71428571428571,"active":0,"complete":7,"success":7,"errored":0,"retried":0,"total":7,"elapsed":531}
[debug] [2021-10-08T01:56:14.797Z] >>> HTTP REQUEST POST https://firebasehosting.googleapis.com/v1beta1/sites/terra-1d030/versions/3a1607e2738f2735:populateFiles  
 <request body omitted>
[debug] [2021-10-08T01:56:16.262Z] <<< HTTP RESPONSE 200 {"content-type":"application/json; charset=UTF-8","vary":"X-Origin, Referer, Origin,Accept-Encoding","date":"Fri, 08 Oct 2021 01:56:16 GMT","server":"ESF","cache-control":"private","x-xss-protection":"0","x-frame-options":"SAMEORIGIN","x-content-type-options":"nosniff","alt-svc":"h3=\":443\"; ma=2592000,h3-29=\":443\"; ma=2592000,h3-T051=\":443\"; ma=2592000,h3-Q050=\":443\"; ma=2592000,h3-Q046=\":443\"; ma=2592000,h3-Q043=\":443\"; ma=2592000,quic=\":443\"; ma=2592000; v=\"46,43\"","accept-ranges":"none","transfer-encoding":"chunked"}
[debug] [2021-10-08T01:56:16.271Z] [hosting][populate queue][FINAL] {"max":1469,"min":1469,"avg":1469,"active":0,"complete":1,"success":1,"errored":0,"retried":0,"total":1,"elapsed":1476}
[debug] [2021-10-08T01:56:16.271Z] [hosting] uploads queued: 6
[debug] [2021-10-08T01:56:18.983Z] [hosting][upload queue][FINAL] {"max":2719,"min":1617,"avg":1970.1666666666667,"active":0,"complete":6,"success":6,"errored":0,"retried":0,"total":6,"elapsed":2720}
[info] ✔  hosting[terra-1d030]: file upload complete
[debug] [2021-10-08T01:56:18.984Z] [hosting] deploy completed after 4729ms
[debug] [2021-10-08T01:56:19.127Z] [
  {
    "config": {
      "public": "dist",
      "ignore": [
        "firebase.json",
        "**/.*",
        "**/node_modules/**"
      ],
      "site": "terra-1d030"
    },
    "site": "terra-1d030",
    "version": "sites/terra-1d030/versions/3a1607e2738f2735"
  }
]
[info] i  hosting[terra-1d030]: finalizing version...
[debug] [2021-10-08T01:56:19.128Z] >>> HTTP REQUEST PATCH https://firebasehosting.googleapis.com/v1beta1/sites/terra-1d030/versions/3a1607e2738f2735?updateMask=status  
 {"status":"FINALIZED"}
[debug] [2021-10-08T01:56:20.534Z] <<< HTTP RESPONSE 200 {"content-type":"application/json; charset=UTF-8","vary":"X-Origin, Referer, Origin,Accept-Encoding","date":"Fri, 08 Oct 2021 01:56:20 GMT","server":"ESF","cache-control":"private","x-xss-protection":"0","x-frame-options":"SAMEORIGIN","x-content-type-options":"nosniff","alt-svc":"h3=\":443\"; ma=2592000,h3-29=\":443\"; ma=2592000,h3-T051=\":443\"; ma=2592000,h3-Q050=\":443\"; ma=2592000,h3-Q046=\":443\"; ma=2592000,h3-Q043=\":443\"; ma=2592000,quic=\":443\"; ma=2592000; v=\"46,43\"","accept-ranges":"none","transfer-encoding":"chunked"}
[debug] [2021-10-08T01:56:20.535Z] [hosting] finalized version for terra-1d030: {"name":"sites/terra-1d030/versions/3a1607e2738f2735","status":"FINALIZED","config":{},"labels":{"deployment-tool":"cli-firebase"},"createTime":"2021-10-08T01:56:13.829004Z","createUser":{"email":"prapatp.polchan@gmail.com"},"finalizeTime":"2021-10-08T01:56:20.372322Z","finalizeUser":{"email":"prapatp.polchan@gmail.com"}}
[info] ✔  hosting[terra-1d030]: version finalized
[info] i  hosting[terra-1d030]: releasing new version...
[debug] [2021-10-08T01:56:20.536Z] >>> HTTP REQUEST POST https://firebasehosting.googleapis.com/v1beta1/sites/terra-1d030/releases?version_name=sites/terra-1d030/versions/3a1607e2738f2735  
 {"message":null}
